<?xml version="1.0" encoding="UTF-8"?>
<testsuite name="com.oscarg798.plugin.BuildGeneratorTest" tests="2" skipped="0" failures="0" errors="0" timestamp="2021-02-12T09:08:04" hostname="C02DQ3C0MD6R" time="0.002">
  <properties/>
  <testcase name="when run is invoke then it should call with the right commands" classname="com.oscarg798.plugin.BuildGeneratorTest" time="0.002"/>
  <testcase name="given a build type when get arguments is invoke then it should return the right output" classname="com.oscarg798.plugin.BuildGeneratorTest" time="0.0"/>
  <system-out><![CDATA[]]></system-out>
  <system-err><![CDATA[]]></system-err>
</testsuite>
