<?xml version="1.0" encoding="UTF-8"?>
<testsuite name="com.oscarg798.plugin.FirebasePublisherTest" tests="5" skipped="0" failures="0" errors="0" timestamp="2021-02-12T09:08:04" hostname="C02DQ3C0MD6R" time="0.009">
  <properties/>
  <testcase name="given params without distribution group when get arguments invoke then it should output the right params" classname="com.oscarg798.plugin.FirebasePublisherTest" time="0.005"/>
  <testcase name="given params when run is invoke then it should execute the command" classname="com.oscarg798.plugin.FirebasePublisherTest" time="0.002"/>
  <testcase name="given params with all the values when get arguments is called then it should output the right params" classname="com.oscarg798.plugin.FirebasePublisherTest" time="0.0"/>
  <testcase name="given params without notes and distribution group when get arguments invoke then it should output the right params" classname="com.oscarg798.plugin.FirebasePublisherTest" time="0.0"/>
  <testcase name="given params without notes when get arguments invoke then it should output the right params" classname="com.oscarg798.plugin.FirebasePublisherTest" time="0.001"/>
  <system-out><![CDATA[]]></system-out>
  <system-err><![CDATA[]]></system-err>
</testsuite>
