<?xml version="1.0" encoding="UTF-8"?>
<testsuite name="com.oscarg798.plugin.UnitTestRunnerTest" tests="2" skipped="0" failures="0" errors="0" timestamp="2021-02-12T09:08:04" hostname="C02DQ3C0MD6R" time="0.023">
  <properties/>
  <testcase name="when run is invoke then it should run the right command" classname="com.oscarg798.plugin.UnitTestRunnerTest" time="0.023"/>
  <testcase name="given a build type when get params is invoke then it should return the right ones" classname="com.oscarg798.plugin.UnitTestRunnerTest" time="0.0"/>
  <system-out><![CDATA[]]></system-out>
  <system-err><![CDATA[]]></system-err>
</testsuite>
